 <<< Combine >>> 
>>> random number generator seed is 123456
>>> method used is AsymptoticLimits
COMBINE_OUTPUT_FILE: higgsCombinecombinedExclusion_mPhi4000_2018.AsymptoticLimits.mH4000.root
Object bkg_AB_region_bin_1 is duplicated
Object TF1 is duplicated
Object bkg_AB_region_bin_2 is duplicated
Object TF2 is duplicated
Object bkg_AB_region_bin_3 is duplicated
Object TF3 is duplicated
Object bkg_AB_region_bin_4 is duplicated
Object TF4 is duplicated
Object bkg_AB_region_bin_5 is duplicated
Object TF5 is duplicated
Object bkg_AB_region_bin_6 is duplicated
Object TF6 is duplicated
Object bkg_AB_region_bin_7 is duplicated
Object TF7 is duplicated
Object bkg_AB_region_bin_8 is duplicated
Object TF8 is duplicated
Object bkg_AB_region_bin_9 is duplicated
Object TF9 is duplicated
Object bkg_AB_region_bin_10 is duplicated
Object TF10 is duplicated
Object bkg_AB_region_bin_11 is duplicated
Object TF11 is duplicated
Object bkg_AB_region_bin_12 is duplicated
Object TF12 is duplicated

 -- AsymptoticLimits ( CLs ) --
Observed Limit: r < 22.4320
Expected  2.5%: r < 16.6797
Expected 16.0%: r < 22.1862
Expected 50.0%: r < 30.5000
Expected 84.0%: r < 42.0496
Expected 97.5%: r < 55.3178

Done in 0.02 min (cpu), 0.02 min (real)
