 <<< Combine >>> 
>>> random number generator seed is 123456
>>> method used is AsymptoticLimits
COMBINE_OUTPUT_FILE: higgsCombinecombinedExclusion_mPhi1500_2018.AsymptoticLimits.mH1500.root
Object bkg_AB_region_bin_1 is duplicated
Object TF1 is duplicated
Object bkg_AB_region_bin_2 is duplicated
Object TF2 is duplicated
Object bkg_AB_region_bin_3 is duplicated
Object TF3 is duplicated
Object bkg_AB_region_bin_4 is duplicated
Object TF4 is duplicated
Object bkg_AB_region_bin_5 is duplicated
Object TF5 is duplicated
Object bkg_AB_region_bin_6 is duplicated
Object TF6 is duplicated
Object bkg_AB_region_bin_7 is duplicated
Object TF7 is duplicated
Object bkg_AB_region_bin_8 is duplicated
Object TF8 is duplicated
Object bkg_AB_region_bin_9 is duplicated
Object TF9 is duplicated
Object bkg_AB_region_bin_10 is duplicated
Object TF10 is duplicated
Object bkg_AB_region_bin_11 is duplicated
Object TF11 is duplicated
Object bkg_AB_region_bin_12 is duplicated
Object TF12 is duplicated

 -- AsymptoticLimits ( CLs ) --
Observed Limit: r < 4.8478
Expected  2.5%: r < 3.5015
Expected 16.0%: r < 4.6215
Expected 50.0%: r < 6.3125
Expected 84.0%: r < 8.6022
Expected 97.5%: r < 11.1264

Done in 0.01 min (cpu), 0.01 min (real)
